{"/home/kipronok/Development/code/plp/testing-and-debugging-ensuring-mern-app-reliability-kiprono234/server/src/app.js": {"path":"/home/kipronok/Development/code/plp/testing-and-debugging-ensuring-mern-app-reliability-kiprono234/server/src/app.js","statementMap":{"0":{"start":{"line":2,"column":16},"end":{"line":2,"column":34}},"1":{"start":{"line":3,"column":12},"end":{"line":3,"column":21}},"2":{"start":{"line":5,"column":0},"end":{"line":5,"column":24}},"3":{"start":{"line":8,"column":0},"end":{"line":11,"column":3}},"4":{"start":{"line":9,"column":2},"end":{"line":9,"column":62}},"5":{"start":{"line":10,"column":2},"end":{"line":10,"column":9}},"6":{"start":{"line":14,"column":20},"end":{"line":14,"column":45}},"7":{"start":{"line":15,"column":0},"end":{"line":15,"column":35}},"8":{"start":{"line":18,"column":0},"end":{"line":20,"column":3}},"9":{"start":{"line":19,"column":2},"end":{"line":19,"column":44}},"10":{"start":{"line":22,"column":0},"end":{"line":22,"column":21}}},"fnMap":{"0":{"name":"(anonymous_0)","decl":{"start":{"line":8,"column":8},"end":{"line":8,"column":9}},"loc":{"start":{"line":8,"column":28},"end":{"line":11,"column":1}},"line":8},"1":{"name":"(anonymous_1)","decl":{"start":{"line":18,"column":17},"end":{"line":18,"column":18}},"loc":{"start":{"line":18,"column":31},"end":{"line":20,"column":1}},"line":18}},"branchMap":{},"s":{"0":1,"1":1,"2":1,"3":1,"4":14,"5":14,"6":1,"7":1,"8":1,"9":0,"10":1},"f":{"0":14,"1":0},"b":{},"_coverageSchema":"1a1c01bbd47fc00a2c39e90264f33305004495a9","hash":"f4f09b6185e4159664fe5c1aa4019f7baf692671"}
,"/home/kipronok/Development/code/plp/testing-and-debugging-ensuring-mern-app-reliability-kiprono234/server/src/models/Post.js": {"path":"/home/kipronok/Development/code/plp/testing-and-debugging-ensuring-mern-app-reliability-kiprono234/server/src/models/Post.js","statementMap":{"0":{"start":{"line":1,"column":17},"end":{"line":1,"column":36}},"1":{"start":{"line":3,"column":19},"end":{"line":9,"column":2}},"2":{"start":{"line":11,"column":0},"end":{"line":11,"column":52}}},"fnMap":{},"branchMap":{},"s":{"0":1,"1":1,"2":1},"f":{},"b":{},"_coverageSchema":"1a1c01bbd47fc00a2c39e90264f33305004495a9","hash":"a8139c7bf48318ed7b1e1f570f9168d7c780e4aa"}
,"/home/kipronok/Development/code/plp/testing-and-debugging-ensuring-mern-app-reliability-kiprono234/server/src/models/User.js": {"path":"/home/kipronok/Development/code/plp/testing-and-debugging-ensuring-mern-app-reliability-kiprono234/server/src/models/User.js","statementMap":{"0":{"start":{"line":1,"column":17},"end":{"line":1,"column":36}},"1":{"start":{"line":3,"column":19},"end":{"line":7,"column":2}},"2":{"start":{"line":9,"column":0},"end":{"line":9,"column":52}}},"fnMap":{},"branchMap":{},"s":{"0":1,"1":1,"2":1},"f":{},"b":{},"_coverageSchema":"1a1c01bbd47fc00a2c39e90264f33305004495a9","hash":"e9fa290aa6b9a8313154dbe54b358e83b0b082e6"}
,"/home/kipronok/Development/code/plp/testing-and-debugging-ensuring-mern-app-reliability-kiprono234/server/src/routes/posts.js": {"path":"/home/kipronok/Development/code/plp/testing-and-debugging-ensuring-mern-app-reliability-kiprono234/server/src/routes/posts.js","statementMap":{"0":{"start":{"line":1,"column":16},"end":{"line":1,"column":34}},"1":{"start":{"line":2,"column":15},"end":{"line":2,"column":31}},"2":{"start":{"line":3,"column":13},"end":{"line":3,"column":38}},"3":{"start":{"line":4,"column":13},"end":{"line":4,"column":38}},"4":{"start":{"line":5,"column":26},"end":{"line":5,"column":50}},"5":{"start":{"line":8,"column":21},"end":{"line":34,"column":1}},"6":{"start":{"line":9,"column":21},"end":{"line":9,"column":46}},"7":{"start":{"line":10,"column":2},"end":{"line":12,"column":3}},"8":{"start":{"line":11,"column":4},"end":{"line":11,"column":64}},"9":{"start":{"line":14,"column":16},"end":{"line":14,"column":39}},"10":{"start":{"line":16,"column":2},"end":{"line":18,"column":3}},"11":{"start":{"line":17,"column":4},"end":{"line":17,"column":60}},"12":{"start":{"line":22,"column":2},"end":{"line":33,"column":3}},"13":{"start":{"line":23,"column":23},"end":{"line":23,"column":39}},"14":{"start":{"line":24,"column":4},"end":{"line":30,"column":5}},"15":{"start":{"line":26,"column":6},"end":{"line":26,"column":56}},"16":{"start":{"line":27,"column":6},"end":{"line":27,"column":13}},"17":{"start":{"line":29,"column":6},"end":{"line":29,"column":69}},"18":{"start":{"line":32,"column":4},"end":{"line":32,"column":72}},"19":{"start":{"line":37,"column":24},"end":{"line":53,"column":1}},"20":{"start":{"line":38,"column":2},"end":{"line":52,"column":3}},"21":{"start":{"line":39,"column":17},"end":{"line":39,"column":51}},"22":{"start":{"line":40,"column":4},"end":{"line":42,"column":5}},"23":{"start":{"line":41,"column":6},"end":{"line":41,"column":63}},"24":{"start":{"line":44,"column":4},"end":{"line":46,"column":5}},"25":{"start":{"line":45,"column":6},"end":{"line":45,"column":63}},"26":{"start":{"line":48,"column":4},"end":{"line":48,"column":20}},"27":{"start":{"line":49,"column":4},"end":{"line":49,"column":11}},"28":{"start":{"line":51,"column":4},"end":{"line":51,"column":52}},"29":{"start":{"line":56,"column":0},"end":{"line":77,"column":3}},"30":{"start":{"line":57,"column":2},"end":{"line":76,"column":3}},"31":{"start":{"line":58,"column":47},"end":{"line":58,"column":56}},"32":{"start":{"line":59,"column":18},"end":{"line":59,"column":20}},"33":{"start":{"line":61,"column":4},"end":{"line":63,"column":5}},"34":{"start":{"line":62,"column":6},"end":{"line":62,"column":32}},"35":{"start":{"line":65,"column":18},"end":{"line":69,"column":31}},"36":{"start":{"line":71,"column":18},"end":{"line":71,"column":50}},"37":{"start":{"line":73,"column":4},"end":{"line":73,"column":20}},"38":{"start":{"line":75,"column":4},"end":{"line":75,"column":52}},"39":{"start":{"line":80,"column":0},"end":{"line":90,"column":3}},"40":{"start":{"line":81,"column":2},"end":{"line":89,"column":3}},"41":{"start":{"line":82,"column":17},"end":{"line":82,"column":88}},"42":{"start":{"line":83,"column":4},"end":{"line":85,"column":5}},"43":{"start":{"line":84,"column":6},"end":{"line":84,"column":63}},"44":{"start":{"line":86,"column":4},"end":{"line":86,"column":19}},"45":{"start":{"line":88,"column":4},"end":{"line":88,"column":52}},"46":{"start":{"line":93,"column":0},"end":{"line":116,"column":3}},"47":{"start":{"line":94,"column":2},"end":{"line":115,"column":3}},"48":{"start":{"line":95,"column":47},"end":{"line":95,"column":55}},"49":{"start":{"line":97,"column":4},"end":{"line":99,"column":5}},"50":{"start":{"line":98,"column":6},"end":{"line":98,"column":79}},"51":{"start":{"line":101,"column":17},"end":{"line":107,"column":6}},"52":{"start":{"line":109,"column":4},"end":{"line":109,"column":22}},"53":{"start":{"line":110,"column":4},"end":{"line":110,"column":52}},"54":{"start":{"line":112,"column":4},"end":{"line":112,"column":31}},"55":{"start":{"line":114,"column":4},"end":{"line":114,"column":52}},"56":{"start":{"line":119,"column":0},"end":{"line":133,"column":3}},"57":{"start":{"line":120,"column":2},"end":{"line":132,"column":3}},"58":{"start":{"line":121,"column":31},"end":{"line":121,"column":39}},"59":{"start":{"line":123,"column":24},"end":{"line":127,"column":42}},"60":{"start":{"line":129,"column":4},"end":{"line":129,"column":26}},"61":{"start":{"line":131,"column":4},"end":{"line":131,"column":52}},"62":{"start":{"line":136,"column":0},"end":{"line":143,"column":3}},"63":{"start":{"line":137,"column":2},"end":{"line":142,"column":3}},"64":{"start":{"line":138,"column":4},"end":{"line":138,"column":48}},"65":{"start":{"line":139,"column":4},"end":{"line":139,"column":67}},"66":{"start":{"line":141,"column":4},"end":{"line":141,"column":52}},"67":{"start":{"line":145,"column":0},"end":{"line":145,"column":24}}},"fnMap":{"0":{"name":"(anonymous_0)","decl":{"start":{"line":8,"column":21},"end":{"line":8,"column":22}},"loc":{"start":{"line":8,"column":41},"end":{"line":34,"column":1}},"line":8},"1":{"name":"(anonymous_1)","decl":{"start":{"line":37,"column":24},"end":{"line":37,"column":25}},"loc":{"start":{"line":37,"column":50},"end":{"line":53,"column":1}},"line":37},"2":{"name":"(anonymous_2)","decl":{"start":{"line":56,"column":16},"end":{"line":56,"column":17}},"loc":{"start":{"line":56,"column":36},"end":{"line":77,"column":1}},"line":56},"3":{"name":"(anonymous_3)","decl":{"start":{"line":80,"column":19},"end":{"line":80,"column":20}},"loc":{"start":{"line":80,"column":39},"end":{"line":90,"column":1}},"line":80},"4":{"name":"(anonymous_4)","decl":{"start":{"line":93,"column":31},"end":{"line":93,"column":32}},"loc":{"start":{"line":93,"column":51},"end":{"line":116,"column":1}},"line":93},"5":{"name":"(anonymous_5)","decl":{"start":{"line":119,"column":50},"end":{"line":119,"column":51}},"loc":{"start":{"line":119,"column":70},"end":{"line":133,"column":1}},"line":119},"6":{"name":"(anonymous_6)","decl":{"start":{"line":136,"column":53},"end":{"line":136,"column":54}},"loc":{"start":{"line":136,"column":73},"end":{"line":143,"column":1}},"line":136}},"branchMap":{"0":{"loc":{"start":{"line":10,"column":2},"end":{"line":12,"column":3}},"type":"if","locations":[{"start":{"line":10,"column":2},"end":{"line":12,"column":3}},{"start":{},"end":{}}],"line":10},"1":{"loc":{"start":{"line":10,"column":6},"end":{"line":10,"column":54}},"type":"binary-expr","locations":[{"start":{"line":10,"column":6},"end":{"line":10,"column":17}},{"start":{"line":10,"column":21},"end":{"line":10,"column":54}}],"line":10},"2":{"loc":{"start":{"line":16,"column":2},"end":{"line":18,"column":3}},"type":"if","locations":[{"start":{"line":16,"column":2},"end":{"line":18,"column":3}},{"start":{},"end":{}}],"line":16},"3":{"loc":{"start":{"line":24,"column":4},"end":{"line":30,"column":5}},"type":"if","locations":[{"start":{"line":24,"column":4},"end":{"line":30,"column":5}},{"start":{"line":28,"column":11},"end":{"line":30,"column":5}}],"line":24},"4":{"loc":{"start":{"line":24,"column":8},"end":{"line":24,"column":86}},"type":"binary-expr","locations":[{"start":{"line":24,"column":8},"end":{"line":24,"column":30}},{"start":{"line":24,"column":34},"end":{"line":24,"column":59}},{"start":{"line":24,"column":63},"end":{"line":24,"column":86}}],"line":24},"5":{"loc":{"start":{"line":40,"column":4},"end":{"line":42,"column":5}},"type":"if","locations":[{"start":{"line":40,"column":4},"end":{"line":42,"column":5}},{"start":{},"end":{}}],"line":40},"6":{"loc":{"start":{"line":44,"column":4},"end":{"line":46,"column":5}},"type":"if","locations":[{"start":{"line":44,"column":4},"end":{"line":46,"column":5}},{"start":{},"end":{}}],"line":44},"7":{"loc":{"start":{"line":58,"column":22},"end":{"line":58,"column":30}},"type":"default-arg","locations":[{"start":{"line":58,"column":29},"end":{"line":58,"column":30}}],"line":58},"8":{"loc":{"start":{"line":58,"column":32},"end":{"line":58,"column":42}},"type":"default-arg","locations":[{"start":{"line":58,"column":40},"end":{"line":58,"column":42}}],"line":58},"9":{"loc":{"start":{"line":61,"column":4},"end":{"line":63,"column":5}},"type":"if","locations":[{"start":{"line":61,"column":4},"end":{"line":63,"column":5}},{"start":{},"end":{}}],"line":61},"10":{"loc":{"start":{"line":83,"column":4},"end":{"line":85,"column":5}},"type":"if","locations":[{"start":{"line":83,"column":4},"end":{"line":85,"column":5}},{"start":{},"end":{}}],"line":83},"11":{"loc":{"start":{"line":97,"column":4},"end":{"line":99,"column":5}},"type":"if","locations":[{"start":{"line":97,"column":4},"end":{"line":99,"column":5}},{"start":{},"end":{}}],"line":97},"12":{"loc":{"start":{"line":97,"column":8},"end":{"line":97,"column":26}},"type":"binary-expr","locations":[{"start":{"line":97,"column":8},"end":{"line":97,"column":14}},{"start":{"line":97,"column":18},"end":{"line":97,"column":26}}],"line":97}},"s":{"0":1,"1":1,"2":1,"3":1,"4":1,"5":1,"6":8,"7":8,"8":3,"9":5,"10":5,"11":0,"12":5,"13":5,"14":5,"15":5,"16":5,"17":0,"18":0,"19":1,"20":3,"21":3,"22":3,"23":0,"24":3,"25":1,"26":2,"27":2,"28":0,"29":1,"30":4,"31":4,"32":4,"33":4,"34":1,"35":4,"36":4,"37":4,"38":0,"39":1,"40":2,"41":2,"42":2,"43":1,"44":1,"45":0,"46":1,"47":2,"48":2,"49":2,"50":1,"51":1,"52":1,"53":1,"54":1,"55":0,"56":1,"57":1,"58":1,"59":1,"60":1,"61":0,"62":1,"63":1,"64":1,"65":1,"66":0,"67":1},"f":{"0":8,"1":3,"2":4,"3":2,"4":2,"5":1,"6":1},"b":{"0":[3,5],"1":[8,5],"2":[0,5],"3":[5,0],"4":[5,5,5],"5":[0,3],"6":[1,2],"7":[2],"8":[2],"9":[1,3],"10":[1,1],"11":[1,1],"12":[2,1]},"_coverageSchema":"1a1c01bbd47fc00a2c39e90264f33305004495a9","hash":"a06c8e1abd725f771fa97e57b7c9abf6040cc9c8"}
,"/home/kipronok/Development/code/plp/testing-and-debugging-ensuring-mern-app-reliability-kiprono234/server/src/utils/auth.js": {"path":"/home/kipronok/Development/code/plp/testing-and-debugging-ensuring-mern-app-reliability-kiprono234/server/src/utils/auth.js","statementMap":{"0":{"start":{"line":6,"column":4},"end":{"line":6,"column":35}},"1":{"start":{"line":9,"column":0},"end":{"line":9,"column":35}}},"fnMap":{"0":{"name":"generateToken","decl":{"start":{"line":4,"column":9},"end":{"line":4,"column":22}},"loc":{"start":{"line":4,"column":29},"end":{"line":7,"column":3}},"line":4}},"branchMap":{},"s":{"0":2,"1":1},"f":{"0":2},"b":{},"_coverageSchema":"1a1c01bbd47fc00a2c39e90264f33305004495a9","hash":"d80ca596c759c87ebb0b4432aaba3a1a6c539141"}
,"/home/kipronok/Development/code/plp/testing-and-debugging-ensuring-mern-app-reliability-kiprono234/server/utils/math.js": {"path":"/home/kipronok/Development/code/plp/testing-and-debugging-ensuring-mern-app-reliability-kiprono234/server/utils/math.js","statementMap":{"0":{"start":{"line":2,"column":4},"end":{"line":2,"column":17}},"1":{"start":{"line":5,"column":4},"end":{"line":5,"column":17}},"2":{"start":{"line":8,"column":0},"end":{"line":8,"column":34}}},"fnMap":{"0":{"name":"add","decl":{"start":{"line":1,"column":9},"end":{"line":1,"column":12}},"loc":{"start":{"line":1,"column":19},"end":{"line":3,"column":1}},"line":1},"1":{"name":"subtract","decl":{"start":{"line":4,"column":9},"end":{"line":4,"column":17}},"loc":{"start":{"line":4,"column":24},"end":{"line":6,"column":1}},"line":4}},"branchMap":{},"s":{"0":2,"1":2,"2":1},"f":{"0":2,"1":2},"b":{},"_coverageSchema":"1a1c01bbd47fc00a2c39e90264f33305004495a9","hash":"7faff09de7cd25ea33a18f9e95fc390bc1a533e6"}
}
