TN:
SF:src/app.js
FN:8,(anonymous_0)
FN:18,(anonymous_1)
FNF:2
FNH:1
FNDA:14,(anonymous_0)
FNDA:0,(anonymous_1)
DA:2,1
DA:3,1
DA:5,1
DA:8,1
DA:9,14
DA:10,14
DA:14,1
DA:15,1
DA:18,1
DA:19,0
DA:22,1
LF:11
LH:10
BRF:0
BRH:0
end_of_record
TN:
SF:src/models/Post.js
FNF:0
FNH:0
DA:1,1
DA:3,1
DA:11,1
LF:3
LH:3
BRF:0
BRH:0
end_of_record
TN:
SF:src/models/User.js
FNF:0
FNH:0
DA:1,1
DA:3,1
DA:9,1
LF:3
LH:3
BRF:0
BRH:0
end_of_record
TN:
SF:src/routes/posts.js
FN:8,(anonymous_0)
FN:37,(anonymous_1)
FN:56,(anonymous_2)
FN:80,(anonymous_3)
FN:93,(anonymous_4)
FN:119,(anonymous_5)
FN:136,(anonymous_6)
FNF:7
FNH:7
FNDA:8,(anonymous_0)
FNDA:3,(anonymous_1)
FNDA:4,(anonymous_2)
FNDA:2,(anonymous_3)
FNDA:2,(anonymous_4)
FNDA:1,(anonymous_5)
FNDA:1,(anonymous_6)
DA:1,1
DA:2,1
DA:3,1
DA:4,1
DA:5,1
DA:8,1
DA:9,8
DA:10,8
DA:11,3
DA:14,5
DA:16,5
DA:17,0
DA:22,5
DA:23,5
DA:24,5
DA:26,5
DA:27,5
DA:29,0
DA:32,0
DA:37,1
DA:38,3
DA:39,3
DA:40,3
DA:41,0
DA:44,3
DA:45,1
DA:48,2
DA:49,2
DA:51,0
DA:56,1
DA:57,4
DA:58,4
DA:59,4
DA:61,4
DA:62,1
DA:65,4
DA:71,4
DA:73,4
DA:75,0
DA:80,1
DA:81,2
DA:82,2
DA:83,2
DA:84,1
DA:86,1
DA:88,0
DA:93,1
DA:94,2
DA:95,2
DA:97,2
DA:98,1
DA:101,1
DA:109,1
DA:110,1
DA:112,1
DA:114,0
DA:119,1
DA:120,1
DA:121,1
DA:123,1
DA:129,1
DA:131,0
DA:136,1
DA:137,1
DA:138,1
DA:139,1
DA:141,0
DA:145,1
LF:68
LH:58
BRDA:10,0,0,3
BRDA:10,0,1,5
BRDA:10,1,0,8
BRDA:10,1,1,5
BRDA:16,2,0,0
BRDA:16,2,1,5
BRDA:24,3,0,5
BRDA:24,3,1,0
BRDA:24,4,0,5
BRDA:24,4,1,5
BRDA:24,4,2,5
BRDA:40,5,0,0
BRDA:40,5,1,3
BRDA:44,6,0,1
BRDA:44,6,1,2
BRDA:58,7,0,2
BRDA:58,8,0,2
BRDA:61,9,0,1
BRDA:61,9,1,3
BRDA:83,10,0,1
BRDA:83,10,1,1
BRDA:97,11,0,1
BRDA:97,11,1,1
BRDA:97,12,0,2
BRDA:97,12,1,1
BRF:25
BRH:22
end_of_record
TN:
SF:src/utils/auth.js
FN:4,generateToken
FNF:1
FNH:1
FNDA:2,generateToken
DA:6,2
DA:9,1
LF:2
LH:2
BRF:0
BRH:0
end_of_record
TN:
SF:utils/math.js
FN:1,add
FN:4,subtract
FNF:2
FNH:2
FNDA:2,add
FNDA:2,subtract
DA:2,2
DA:5,2
DA:8,1
LF:3
LH:3
BRF:0
BRH:0
end_of_record
