<?xml version="1.0" encoding="UTF-8"?>
<coverage generated="1762248487474" clover="3.2.0">
  <project timestamp="1762248487474" name="All files">
    <metrics statements="7" coveredstatements="7" conditionals="7" coveredconditionals="7" methods="1" coveredmethods="1" elements="15" coveredelements="15" complexity="0" loc="7" ncloc="7" packages="1" files="1" classes="1"/>
    <file name="Button.jsx" path="/home/kipronok/Development/code/plp/testing-and-debugging-ensuring-mern-app-reliability-kiprono234/client/src/components/Button.jsx">
      <metrics statements="7" coveredstatements="7" conditionals="7" coveredconditionals="7" methods="1" coveredmethods="1"/>
      <line num="6" count="1" type="stmt"/>
      <line num="15" count="12" type="stmt"/>
      <line num="21" count="12" type="stmt"/>
      <line num="27" count="12" type="cond" truecount="2" falsecount="0"/>
      <line num="31" count="12" type="stmt"/>
      <line num="39" count="12" type="stmt"/>
      <line num="51" count="1" type="stmt"/>
    </file>
  </project>
</coverage>
