{"/home/kipronok/Development/code/plp/testing-and-debugging-ensuring-mern-app-reliability-kiprono234/client/src/components/Button.jsx": {"path":"/home/kipronok/Development/code/plp/testing-and-debugging-ensuring-mern-app-reliability-kiprono234/client/src/components/Button.jsx","statementMap":{"0":{"start":{"line":6,"column":15},"end":{"line":49,"column":1}},"1":{"start":{"line":15,"column":25},"end":{"line":19,"column":3}},"2":{"start":{"line":21,"column":22},"end":{"line":25,"column":3}},"3":{"start":{"line":27,"column":26},"end":{"line":29,"column":22}},"4":{"start":{"line":31,"column":24},"end":{"line":37,"column":3}},"5":{"start":{"line":39,"column":2},"end":{"line":48,"column":4}},"6":{"start":{"line":51,"column":0},"end":{"line":58,"column":2}}},"fnMap":{"0":{"name":"(anonymous_0)","decl":{"start":{"line":6,"column":15},"end":{"line":6,"column":16}},"loc":{"start":{"line":14,"column":6},"end":{"line":49,"column":1}},"line":14}},"branchMap":{"0":{"loc":{"start":{"line":8,"column":2},"end":{"line":8,"column":21}},"type":"default-arg","locations":[{"start":{"line":8,"column":12},"end":{"line":8,"column":21}}],"line":8},"1":{"loc":{"start":{"line":9,"column":2},"end":{"line":9,"column":13}},"type":"default-arg","locations":[{"start":{"line":9,"column":9},"end":{"line":9,"column":13}}],"line":9},"2":{"loc":{"start":{"line":10,"column":2},"end":{"line":10,"column":18}},"type":"default-arg","locations":[{"start":{"line":10,"column":13},"end":{"line":10,"column":18}}],"line":10},"3":{"loc":{"start":{"line":27,"column":26},"end":{"line":29,"column":22}},"type":"cond-expr","locations":[{"start":{"line":28,"column":6},"end":{"line":28,"column":50}},{"start":{"line":29,"column":6},"end":{"line":29,"column":22}}],"line":27},"4":{"loc":{"start":{"line":43,"column":15},"end":{"line":43,"column":46}},"type":"cond-expr","locations":[{"start":{"line":43,"column":27},"end":{"line":43,"column":34}},{"start":{"line":43,"column":37},"end":{"line":43,"column":46}}],"line":43}},"s":{"0":1,"1":12,"2":12,"3":12,"4":12,"5":12,"6":1},"f":{"0":12},"b":{"0":[9],"1":[9],"2":[10],"3":[2,10],"4":[10,2]},"_coverageSchema":"1a1c01bbd47fc00a2c39e90264f33305004495a9","hash":"63d8eec5e1dbbdd3734488851fbf3dcffa716c81"}
}
